C:\USERS\OWNER\DROPBOX\PUBLIC\RAYTRACE\RAYTRACE\DEBUG\3DS.OBJ
C:\USERS\OWNER\DROPBOX\PUBLIC\RAYTRACE\RAYTRACE\DEBUG\STARTER.OBJ
C:\USERS\OWNER\DROPBOX\PUBLIC\RAYTRACE\RAYTRACE\DEBUG\XMLPARSER.OBJ
C:\USERS\OWNER\DROPBOX\PUBLIC\RAYTRACE\RAYTRACE\DEBUG\VC110.PDB
C:\USERS\OWNER\DROPBOX\PUBLIC\RAYTRACE\DEBUG\RAYTRACE.ILK
C:\USERS\OWNER\DROPBOX\PUBLIC\RAYTRACE\DEBUG\RAYTRACE.EXE
C:\USERS\OWNER\DROPBOX\PUBLIC\RAYTRACE\DEBUG\RAYTRACE.PDB
C:\Users\Owner\Dropbox\Public\RayTrace\RayTrace\Debug\3ds.obj
C:\Users\Owner\Dropbox\Public\RayTrace\RayTrace\Debug\xmlParser.obj
C:\Users\Owner\Dropbox\Public\RayTrace\RayTrace\Debug\cl.command.1.tlog
C:\Users\Owner\Dropbox\Public\RayTrace\RayTrace\Debug\CL.read.1.tlog
C:\Users\Owner\Dropbox\Public\RayTrace\RayTrace\Debug\CL.write.1.tlog
C:\Users\Owner\Dropbox\Public\RayTrace\RayTrace\Debug\link-cvtres.read.1.tlog
C:\Users\Owner\Dropbox\Public\RayTrace\RayTrace\Debug\link-cvtres.write.1.tlog
C:\Users\Owner\Dropbox\Public\RayTrace\RayTrace\Debug\link-rc.read.1.tlog
C:\Users\Owner\Dropbox\Public\RayTrace\RayTrace\Debug\link-rc.write.1.tlog
C:\Users\Owner\Dropbox\Public\RayTrace\RayTrace\Debug\link.command.1.tlog
C:\Users\Owner\Dropbox\Public\RayTrace\RayTrace\Debug\link.read.1.tlog
C:\Users\Owner\Dropbox\Public\RayTrace\RayTrace\Debug\link.write.1.tlog
C:\Users\Owner\Dropbox\Public\RayTrace\RayTrace\Debug\vc110.idb
C:\Users\Owner\Dropbox\Public\RayTrace\RayTrace\Debug\vc110.pdb
C:\Users\Owner\Dropbox\Public\RayTrace\Debug\RayTrace.pdb
C:\Users\Owner\Dropbox\Public\RayTrace\Debug\RayTrace.exe
C:\Users\Owner\Dropbox\Public\RayTrace\Debug\RayTrace.ilk
