Build started 12/27/2013 11:23:44 AM.
     1>Project "C:\Users\Owner\Documents\gitOpenGL\CSE470_Proj4\RayTrace\RayTrace\RayTrace.vcxproj" on node 2 (Build target(s)).
     1>ClCompile:
         C:\Program Files (x86)\Microsoft Visual Studio 11.0\VC\bin\CL.exe /c /ZI /nologo /W3 /WX- /Od /Oy- /D _MBCS /Gm /EHsc /RTC1 /MDd /GS /fp:precise /Zc:wchar_t /Zc:forScope /Fo"Debug\\" /Fd"Debug\vc110.pdb" /Gd /TP /analyze- /errorReport:prompt 3ds.cpp starter.cpp xmlParser.cpp
         xmlParser.cpp
     1>c:\users\owner\documents\gitopengl\cse470_proj4\raytrace\raytrace\xmlparser.cpp(330): warning C4996: 'strnicmp': The POSIX name for this item is deprecated. Instead, use the ISO C++ conformant name: _strnicmp. See online help for details.
                 c:\program files (x86)\microsoft visual studio 11.0\vc\include\string.h(251) : see declaration of 'strnicmp'
     1>c:\users\owner\documents\gitopengl\cse470_proj4\raytrace\raytrace\xmlparser.cpp(332): warning C4996: 'stricmp': The POSIX name for this item is deprecated. Instead, use the ISO C++ conformant name: _stricmp. See online help for details.
                 c:\program files (x86)\microsoft visual studio 11.0\vc\include\string.h(249) : see declaration of 'stricmp'
     1>c:\users\owner\documents\gitopengl\cse470_proj4\raytrace\raytrace\xmlparser.cpp(336): warning C4996: 'strnicmp': The POSIX name for this item is deprecated. Instead, use the ISO C++ conformant name: _strnicmp. See online help for details.
                 c:\program files (x86)\microsoft visual studio 11.0\vc\include\string.h(251) : see declaration of 'strnicmp'
         starter.cpp
     1>c:\users\owner\documents\gitopengl\cse470_proj4\raytrace\raytrace\scene.h(407): warning C4996: 'stricmp': The POSIX name for this item is deprecated. Instead, use the ISO C++ conformant name: _stricmp. See online help for details.
                 c:\program files (x86)\microsoft visual studio 11.0\vc\include\string.h(249) : see declaration of 'stricmp'
     1>c:\users\owner\documents\gitopengl\cse470_proj4\raytrace\raytrace\scene.h(420): warning C4996: 'stricmp': The POSIX name for this item is deprecated. Instead, use the ISO C++ conformant name: _stricmp. See online help for details.
                 c:\program files (x86)\microsoft visual studio 11.0\vc\include\string.h(249) : see declaration of 'stricmp'
     1>c:\users\owner\documents\gitopengl\cse470_proj4\raytrace\raytrace\scene.h(456): warning C4996: 'stricmp': The POSIX name for this item is deprecated. Instead, use the ISO C++ conformant name: _stricmp. See online help for details.
                 c:\program files (x86)\microsoft visual studio 11.0\vc\include\string.h(249) : see declaration of 'stricmp'
     1>c:\users\owner\documents\gitopengl\cse470_proj4\raytrace\raytrace\raytrace.h(138): warning C4018: '<' : signed/unsigned mismatch
     1>c:\users\owner\documents\gitopengl\cse470_proj4\raytrace\raytrace\raytrace.h(169): warning C4018: '<' : signed/unsigned mismatch
     1>c:\users\owner\documents\gitopengl\cse470_proj4\raytrace\raytrace\raytrace.h(188): warning C4805: '==' : unsafe mix of type 'boolean' and type 'bool' in operation
     1>c:\users\owner\documents\gitopengl\cse470_proj4\raytrace\raytrace\raytrace.h(209): warning C4018: '<' : signed/unsigned mismatch
     1>c:\users\owner\documents\gitopengl\cse470_proj4\raytrace\raytrace\raytrace.h(214): warning C4018: '<' : signed/unsigned mismatch
     1>c:\users\owner\documents\gitopengl\cse470_proj4\raytrace\raytrace\raytrace.h(227): warning C4805: '==' : unsafe mix of type 'boolean' and type 'bool' in operation
         3ds.cpp
     1>c:\users\owner\documents\gitopengl\cse470_proj4\raytrace\raytrace\3ds.cpp(80): warning C4996: 'strcpy': This function or variable may be unsafe. Consider using strcpy_s instead. To disable deprecation, use _CRT_SECURE_NO_WARNINGS. See online help for details.
                 c:\program files (x86)\microsoft visual studio 11.0\vc\include\string.h(110) : see declaration of 'strcpy'
     1>c:\users\owner\documents\gitopengl\cse470_proj4\raytrace\raytrace\3ds.cpp(238): warning C4996: 'strcpy': This function or variable may be unsafe. Consider using strcpy_s instead. To disable deprecation, use _CRT_SECURE_NO_WARNINGS. See online help for details.
                 c:\program files (x86)\microsoft visual studio 11.0\vc\include\string.h(110) : see declaration of 'strcpy'
     1>c:\users\owner\documents\gitopengl\cse470_proj4\raytrace\raytrace\3ds.cpp(250): warning C4996: 'strcpy': This function or variable may be unsafe. Consider using strcpy_s instead. To disable deprecation, use _CRT_SECURE_NO_WARNINGS. See online help for details.
                 c:\program files (x86)\microsoft visual studio 11.0\vc\include\string.h(110) : see declaration of 'strcpy'
     1>c:\users\owner\documents\gitopengl\cse470_proj4\raytrace\raytrace\3ds.cpp(318): warning C4996: 'strcpy': This function or variable may be unsafe. Consider using strcpy_s instead. To disable deprecation, use _CRT_SECURE_NO_WARNINGS. See online help for details.
                 c:\program files (x86)\microsoft visual studio 11.0\vc\include\string.h(110) : see declaration of 'strcpy'
     1>c:\users\owner\documents\gitopengl\cse470_proj4\raytrace\raytrace\3ds.cpp(345): warning C4996: 'strcpy': This function or variable may be unsafe. Consider using strcpy_s instead. To disable deprecation, use _CRT_SECURE_NO_WARNINGS. See online help for details.
                 c:\program files (x86)\microsoft visual studio 11.0\vc\include\string.h(110) : see declaration of 'strcpy'
     1>c:\users\owner\documents\gitopengl\cse470_proj4\raytrace\raytrace\3ds.cpp(641): warning C4996: 'fopen': This function or variable may be unsafe. Consider using fopen_s instead. To disable deprecation, use _CRT_SECURE_NO_WARNINGS. See online help for details.
                 c:\program files (x86)\microsoft visual studio 11.0\vc\include\stdio.h(218) : see declaration of 'fopen'
     1>c:\users\owner\documents\gitopengl\cse470_proj4\raytrace\raytrace\3ds.cpp(694): warning C4996: 'fopen': This function or variable may be unsafe. Consider using fopen_s instead. To disable deprecation, use _CRT_SECURE_NO_WARNINGS. See online help for details.
                 c:\program files (x86)\microsoft visual studio 11.0\vc\include\stdio.h(218) : see declaration of 'fopen'
     1>c:\users\owner\documents\gitopengl\cse470_proj4\raytrace\raytrace\3ds.cpp(711): warning C4996: 'sprintf': This function or variable may be unsafe. Consider using sprintf_s instead. To disable deprecation, use _CRT_SECURE_NO_WARNINGS. See online help for details.
                 c:\program files (x86)\microsoft visual studio 11.0\vc\include\stdio.h(357) : see declaration of 'sprintf'
     1>c:\users\owner\documents\gitopengl\cse470_proj4\raytrace\raytrace\3ds.cpp(714): warning C4996: 'sprintf': This function or variable may be unsafe. Consider using sprintf_s instead. To disable deprecation, use _CRT_SECURE_NO_WARNINGS. See online help for details.
                 c:\program files (x86)\microsoft visual studio 11.0\vc\include\stdio.h(357) : see declaration of 'sprintf'
     1>c:\users\owner\documents\gitopengl\cse470_proj4\raytrace\raytrace\3ds.cpp(719): warning C4996: 'sprintf': This function or variable may be unsafe. Consider using sprintf_s instead. To disable deprecation, use _CRT_SECURE_NO_WARNINGS. See online help for details.
                 c:\program files (x86)\microsoft visual studio 11.0\vc\include\stdio.h(357) : see declaration of 'sprintf'
     1>c:\users\owner\documents\gitopengl\cse470_proj4\raytrace\raytrace\3ds.cpp(730): warning C4996: 'sprintf': This function or variable may be unsafe. Consider using sprintf_s instead. To disable deprecation, use _CRT_SECURE_NO_WARNINGS. See online help for details.
                 c:\program files (x86)\microsoft visual studio 11.0\vc\include\stdio.h(357) : see declaration of 'sprintf'
     1>c:\users\owner\documents\gitopengl\cse470_proj4\raytrace\raytrace\3ds.cpp(735): warning C4996: 'sprintf': This function or variable may be unsafe. Consider using sprintf_s instead. To disable deprecation, use _CRT_SECURE_NO_WARNINGS. See online help for details.
                 c:\program files (x86)\microsoft visual studio 11.0\vc\include\stdio.h(357) : see declaration of 'sprintf'
     1>c:\users\owner\documents\gitopengl\cse470_proj4\raytrace\raytrace\3ds.cpp(746): warning C4996: 'sprintf': This function or variable may be unsafe. Consider using sprintf_s instead. To disable deprecation, use _CRT_SECURE_NO_WARNINGS. See online help for details.
                 c:\program files (x86)\microsoft visual studio 11.0\vc\include\stdio.h(357) : see declaration of 'sprintf'
     1>c:\users\owner\documents\gitopengl\cse470_proj4\raytrace\raytrace\3ds.cpp(751): warning C4996: 'sprintf': This function or variable may be unsafe. Consider using sprintf_s instead. To disable deprecation, use _CRT_SECURE_NO_WARNINGS. See online help for details.
                 c:\program files (x86)\microsoft visual studio 11.0\vc\include\stdio.h(357) : see declaration of 'sprintf'
     1>c:\users\owner\documents\gitopengl\cse470_proj4\raytrace\raytrace\3ds.cpp(764): warning C4996: 'sprintf': This function or variable may be unsafe. Consider using sprintf_s instead. To disable deprecation, use _CRT_SECURE_NO_WARNINGS. See online help for details.
                 c:\program files (x86)\microsoft visual studio 11.0\vc\include\stdio.h(357) : see declaration of 'sprintf'
     1>c:\users\owner\documents\gitopengl\cse470_proj4\raytrace\raytrace\3ds.cpp(769): warning C4996: 'sprintf': This function or variable may be unsafe. Consider using sprintf_s instead. To disable deprecation, use _CRT_SECURE_NO_WARNINGS. See online help for details.
                 c:\program files (x86)\microsoft visual studio 11.0\vc\include\stdio.h(357) : see declaration of 'sprintf'
     1>c:\users\owner\documents\gitopengl\cse470_proj4\raytrace\raytrace\3ds.cpp(773): warning C4996: 'sprintf': This function or variable may be unsafe. Consider using sprintf_s instead. To disable deprecation, use _CRT_SECURE_NO_WARNINGS. See online help for details.
                 c:\program files (x86)\microsoft visual studio 11.0\vc\include\stdio.h(357) : see declaration of 'sprintf'
     1>c:\users\owner\documents\gitopengl\cse470_proj4\raytrace\raytrace\3ds.cpp(778): warning C4996: 'sprintf': This function or variable may be unsafe. Consider using sprintf_s instead. To disable deprecation, use _CRT_SECURE_NO_WARNINGS. See online help for details.
                 c:\program files (x86)\microsoft visual studio 11.0\vc\include\stdio.h(357) : see declaration of 'sprintf'
     1>c:\users\owner\documents\gitopengl\cse470_proj4\raytrace\raytrace\3ds.cpp(798): warning C4996: 'sprintf': This function or variable may be unsafe. Consider using sprintf_s instead. To disable deprecation, use _CRT_SECURE_NO_WARNINGS. See online help for details.
                 c:\program files (x86)\microsoft visual studio 11.0\vc\include\stdio.h(357) : see declaration of 'sprintf'
     1>c:\users\owner\documents\gitopengl\cse470_proj4\raytrace\raytrace\3ds.cpp(807): warning C4996: 'sprintf': This function or variable may be unsafe. Consider using sprintf_s instead. To disable deprecation, use _CRT_SECURE_NO_WARNINGS. See online help for details.
                 c:\program files (x86)\microsoft visual studio 11.0\vc\include\stdio.h(357) : see declaration of 'sprintf'
     1>c:\users\owner\documents\gitopengl\cse470_proj4\raytrace\raytrace\3ds.cpp(811): warning C4996: 'sprintf': This function or variable may be unsafe. Consider using sprintf_s instead. To disable deprecation, use _CRT_SECURE_NO_WARNINGS. See online help for details.
                 c:\program files (x86)\microsoft visual studio 11.0\vc\include\stdio.h(357) : see declaration of 'sprintf'
     1>c:\users\owner\documents\gitopengl\cse470_proj4\raytrace\raytrace\3ds.cpp(818): warning C4996: 'sprintf': This function or variable may be unsafe. Consider using sprintf_s instead. To disable deprecation, use _CRT_SECURE_NO_WARNINGS. See online help for details.
                 c:\program files (x86)\microsoft visual studio 11.0\vc\include\stdio.h(357) : see declaration of 'sprintf'
     1>c:\users\owner\documents\gitopengl\cse470_proj4\raytrace\raytrace\3ds.cpp(822): warning C4996: 'sprintf': This function or variable may be unsafe. Consider using sprintf_s instead. To disable deprecation, use _CRT_SECURE_NO_WARNINGS. See online help for details.
                 c:\program files (x86)\microsoft visual studio 11.0\vc\include\stdio.h(357) : see declaration of 'sprintf'
     1>c:\users\owner\documents\gitopengl\cse470_proj4\raytrace\raytrace\3ds.cpp(828): warning C4996: 'sprintf': This function or variable may be unsafe. Consider using sprintf_s instead. To disable deprecation, use _CRT_SECURE_NO_WARNINGS. See online help for details.
                 c:\program files (x86)\microsoft visual studio 11.0\vc\include\stdio.h(357) : see declaration of 'sprintf'
     1>c:\users\owner\documents\gitopengl\cse470_proj4\raytrace\raytrace\3ds.cpp(833): warning C4996: 'sprintf': This function or variable may be unsafe. Consider using sprintf_s instead. To disable deprecation, use _CRT_SECURE_NO_WARNINGS. See online help for details.
                 c:\program files (x86)\microsoft visual studio 11.0\vc\include\stdio.h(357) : see declaration of 'sprintf'
     1>c:\users\owner\documents\gitopengl\cse470_proj4\raytrace\raytrace\3ds.cpp(839): warning C4996: 'sprintf': This function or variable may be unsafe. Consider using sprintf_s instead. To disable deprecation, use _CRT_SECURE_NO_WARNINGS. See online help for details.
                 c:\program files (x86)\microsoft visual studio 11.0\vc\include\stdio.h(357) : see declaration of 'sprintf'
         Generating Code...
       Link:
         C:\Program Files (x86)\Microsoft Visual Studio 11.0\VC\bin\link.exe /ERRORREPORT:PROMPT /OUT:"C:\Users\Owner\Documents\gitOpenGL\CSE470_Proj4\RayTrace\Debug\RayTrace.exe" /INCREMENTAL /NOLOGO kernel32.lib user32.lib gdi32.lib winspool.lib comdlg32.lib advapi32.lib shell32.lib ole32.lib oleaut32.lib uuid.lib odbc32.lib odbccp32.lib /MANIFEST /MANIFESTUAC:"level='asInvoker' uiAccess='false'" /manifest:embed /DEBUG /PDB:"C:\Users\Owner\Documents\gitOpenGL\CSE470_Proj4\RayTrace\Debug\RayTrace.pdb" /TLBID:1 /DYNAMICBASE /NXCOMPAT /IMPLIB:"C:\Users\Owner\Documents\gitOpenGL\CSE470_Proj4\RayTrace\Debug\RayTrace.lib" /MACHINE:X86 Debug\3ds.obj
         Debug\starter.obj
         Debug\xmlParser.obj
         LINK : C:\Users\Owner\Documents\gitOpenGL\CSE470_Proj4\RayTrace\Debug\RayTrace.exe not found or not built by the last incremental link; performing full link
         RayTrace.vcxproj -> C:\Users\Owner\Documents\gitOpenGL\CSE470_Proj4\RayTrace\Debug\RayTrace.exe
     1>Done Building Project "C:\Users\Owner\Documents\gitOpenGL\CSE470_Proj4\RayTrace\RayTrace\RayTrace.vcxproj" (Build target(s)).

Build succeeded.

Time Elapsed 00:00:06.41
